Fetching checklist for COE type: TRAVEL
Fetching checklist for COE type: TRAVEL
Fetching checklist for COE type: TRAVEL
Fetching checklist for COE type: TRAVEL
Fetching checklist for COE type: TRAVEL
Fetching checklist for COE type: TRAVEL
Fetching checklist for COE type: TRAVEL
Fetching checklist for COE type: TRAVEL
Fetching checklist for COE type: TRAVEL
Fetching checklist for COE type: TRAVEL
Fetching checklist for COE type: TRAVEL
Fetching checklist for COE type: TRAVEL
Fetching checklist for COE type: TRAVEL
Fetching checklist for COE type: TRAVEL
Fetching checklist for COE type: TRAVEL
Fetching checklist for COE type: TRAVEL
Fetching checklist for COE type: TRAVEL
Fetching checklist for COE type: TRAVEL
Fetching checklist for COE type: TRAVEL
Fetching checklist for COE type: TRAVEL
Fetching checklist for COE type: TRAVEL
Fetching checklist for COE type: TRAVEL
Fetching checklist for COE type: TRAVEL
Fetching checklist for COE type: TRAVEL
Fetching checklist for COE type: TRAVEL
Fetching checklist for COE type: TRAVEL
Fetching checklist for COE type: TRAVEL
Fetching checklist for COE type: TRAVEL
Fetching checklist for COE type: TRAVEL
Fetching checklist for COE type: TRAVEL
Fetching checklist for COE type: TRAVEL
Fetching checklist for COE type: TRAVEL
Fetching checklist for COE type: TRAVEL
Fetching checklist for COE type: TRAVEL
Fetching checklist for COE type: TRAVEL
Fetching checklist for COE type: TRAVEL
Fetching checklist for COE type: TRAVEL
Fetching checklist for COE type: TRAVEL
Fetching checklist for COE type: TRAVEL
Fetching checklist for COE type: TRAVEL
Fetching checklist for COE type: TRAVEL
Fetching checklist for COE type: TRAVEL
Fetching checklist for COE type: TRAVEL
Fetching checklist for COE type: TRAVEL
Fetching checklist for COE type: TRAVEL
Fetching checklist for COE type: TRAVEL
Fetching checklist for COE type: TRAVEL
Fetching checklist for COE type: TRAVEL
Fetching checklist for COE type: TRAVEL
Fetching checklist for COE type: TRAVEL
Fetching checklist for COE type: TRAVEL
Fetching checklist for COE type: TRAVEL
Fetching checklist for COE type: TRAINING
Fetching checklist for COE type: TRAINING
Fetching checklist for COE type: BENEFITS
Fetching checklist for COE type: BENEFITS
Fetching checklist for COE type: BENEFITS
Fetching checklist for COE type: FINANCIAL
Fetching checklist for COE type: TRAVEL
Fetching checklist for COE type: TRAVEL
Fetching checklist for COE type: TRAVEL
Fetching checklist for COE type: TRAVEL
Fetching checklist for COE type: FINANCIAL
Fetching checklist for COE type: FINANCIAL
Fetching checklist for COE type: TRAVEL
Fetching checklist for COE type: BENEFIT CLAIM WITH COMPENSATION
Fetching checklist for COE type: BENEFIT CLAIM WITH COMPENSATION
Fetching checklist for COE type: BENEFIT CLAIM WITH COMPENSATION
Fetching checklist for COE type: BENEFIT CLAIM
Fetching checklist for COE type: BENEFIT CLAIM WITH COMPENSATION
Fetching checklist for COE type: BENEFIT CLAIM
Fetching checklist for COE type: BENEFIT CLAIM WITH COMPENSATION
Fetching checklist for COE type: BENEFIT CLAIM
Fetching checklist for COE type: BENEFIT CLAIM WITH COMPENSATION
Fetching checklist for COE type: BENEFIT CLAIM
Fetching checklist for COE type: BENEFIT CLAIM WITH COMPENSATION
Fetching checklist for COE type: BENEFIT CLAIM
Fetching checklist for COE type: BENEFIT CLAIM WITH COMPENSATION
Fetching checklist for COE type: BENEFIT CLAIM
Fetching checklist for COE type: BENEFIT CLAIM WITH COMPENSATION
Fetching checklist for COE type: BENEFIT CLAIM
Fetching checklist for COE type: BENEFIT CLAIM
Fetching checklist for COE type: BENEFIT CLAIM WITH COMPENSATION
Fetching checklist for COE type: BENEFIT CLAIM
Fetching checklist for COE type: BENEFIT CLAIM
Fetching checklist for COE type: BENEFITS CLAIM
Fetching checklist for COE type: BENEFITS CLAIM
Fetching checklist for COE type: BENEFITS CLAIM WITH COMPENSATION
Fetching checklist for COE type: BENEFITS CLAIM
Fetching checklist for COE type: BENEFITS CLAIM WITH COMPENSATION
Fetching checklist for COE type: BENEFITS CLAIM
Fetching checklist for COE type: BENEFITS CLAIM WITH COMPENSATION
Fetching checklist for COE type: BENEFITS CLAIM
Fetching checklist for COE type: BENEFITS CLAIM WITH COMPENSATION
Fetching checklist for COE type: BENEFITS CLAIM
Fetching checklist for COE type: BENEFITS CLAIM WITH COMPENSATION
Fetching checklist for COE type: BENEFITS CLAIM
Fetching checklist for COE type: BENEFITS CLAIM WITH COMPENSATION
Fetching checklist for COE type: BENEFITS CLAIM
Fetching checklist for COE type: BENEFITS CLAIM WITH COMPENSATION
Fetching checklist for COE type: BENEFITS CLAIM
Fetching checklist for COE type: BENEFITS CLAIM WITH COMPENSATION
Fetching checklist for COE type: BENEFITS CLAIM
Fetching checklist for COE type: BENEFITS CLAIM WITH COMPENSATION
Fetching checklist for COE type: BENEFITS CLAIM
Fetching checklist for COE type: BENEFITS CLAIM WITH COMPENSATION
Fetching checklist for COE type: BENEFITS CLAIM
Fetching checklist for COE type: BENEFITS CLAIM WITH COMPENSATION
Fetching checklist for COE type: BENEFITS CLAIM
Fetching checklist for COE type: BENEFITS CLAIM WITH COMPENSATION
Fetching checklist for COE type: BENEFITS CLAIM
Fetching checklist for COE type: BENEFITS CLAIM WITH COMPENSATION
Fetching checklist for COE type: BENEFITS CLAIM
Fetching checklist for COE type: BENEFITS CLAIM WITH COMPENSATION
Fetching checklist for COE type: BENEFITS CLAIM
Fetching checklist for COE type: BENEFITS CLAIM WITH COMPENSATION
Fetching checklist for COE type: BENEFITS CLAIM
Fetching checklist for COE type: BENEFITS CLAIM WITH COMPENSATION
Fetching checklist for COE type: BENEFITS CLAIM
Fetching checklist for COE type: BENEFITS CLAIM WITH COMPENSATION
Fetching checklist for COE type: BENEFITS CLAIM
Fetching checklist for COE type: BENEFITS CLAIM WITH COMPENSATION
Fetching checklist for COE type: BENEFITS CLAIM
Fetching checklist for COE type: BENEFITS CLAIM WITH COMPENSATION
Fetching checklist for COE type: BENEFITS CLAIM
Fetching checklist for COE type: BENEFITS CLAIM WITH COMPENSATION
Fetching checklist for COE type: BENEFITS CLAIM
Fetching checklist for COE type: BENEFITS CLAIM WITH COMPENSATION
Fetching checklist for COE type: BENEFITS CLAIM
Fetching checklist for COE type: BENEFITS CLAIM WITH COMPENSATION
Fetching checklist for COE type: BENEFITS CLAIM
Fetching checklist for COE type: BENEFITS CLAIM WITH COMPENSATION
Fetching checklist for COE type: BENEFITS CLAIM
Fetching checklist for COE type: BENEFITS CLAIM WITH COMPENSATION
Fetching checklist for COE type: BENEFITS CLAIM
Fetching checklist for COE type: BENEFITS CLAIM WITH COMPENSATION
Fetching checklist for COE type: BENEFITS CLAIM
Fetching checklist for COE type: BENEFITS CLAIM WITH COMPENSATION
Fetching checklist for COE type: BENEFITS CLAIM
Fetching checklist for COE type: BENEFITS CLAIM WITH COMPENSATION
Fetching checklist for COE type: BENEFITS CLAIM
Fetching checklist for COE type: BENEFITS CLAIM WITH COMPENSATION
Fetching checklist for COE type: BENEFITS CLAIM
Fetching checklist for COE type: BENEFITS CLAIM WITH COMPENSATION
Fetching checklist for COE type: BENEFITS CLAIM
Fetching checklist for COE type: BENEFITS CLAIM WITH COMPENSATION
Fetching checklist for COE type: BENEFITS CLAIM
Fetching checklist for COE type: BENEFITS CLAIM WITH COMPENSATION
Fetching checklist for COE type: BENEFITS CLAIM
Fetching checklist for COE type: BENEFITS CLAIM WITH COMPENSATION
Fetching checklist for COE type: BENEFITS CLAIM
Fetching checklist for COE type: BENEFITS CLAIM WITH COMPENSATION
Fetching checklist for COE type: BENEFITS CLAIM
Fetching checklist for COE type: BENEFITS CLAIM WITH COMPENSATION
Fetching checklist for COE type: BENEFITS CLAIM
Fetching checklist for COE type: BENEFITS CLAIM WITH COMPENSATION
Fetching checklist for COE type: BENEFITS CLAIM
Fetching checklist for COE type: BENEFITS CLAIM WITH COMPENSATION
Fetching checklist for COE type: BENEFITS CLAIM
Fetching checklist for COE type: BENEFITS CLAIM WITH COMPENSATION
Fetching checklist for COE type: BENEFITS CLAIM
Fetching checklist for COE type: BENEFITS CLAIM WITH COMPENSATION
Fetching checklist for COE type: BENEFITS CLAIM
Fetching checklist for COE type: BENEFITS CLAIM
Fetching checklist for COE type: BENEFITS CLAIM
Fetching checklist for COE type: BENEFITS CLAIM WITH COMPENSATION
Fetching checklist for COE type: BENEFITS CLAIM
Fetching checklist for COE type: BENEFITS CLAIM WITH COMPENSATION
Fetching checklist for COE type: BENEFITS CLAIM
Fetching checklist for COE type: BENEFITS CLAIM WITH COMPENSATION
Fetching checklist for COE type: BENEFITS CLAIM
Fetching checklist for COE type: BENEFITS CLAIM WITH COMPENSATION
Fetching checklist for COE type: BENEFITS CLAIM
Fetching checklist for COE type: BENEFITS CLAIM WITH COMPENSATION
Fetching checklist for COE type: TRAVEL
Fetching checklist for COE type: TRAVEL
Fetching checklist for COE type: TRAVEL
Fetching checklist for COE type: TRAVEL
Fetching checklist for COE type: TRAVEL
Fetching checklist for COE type: TRAVEL
Fetching checklist for COE type: BENEFITS CLAIM
Fetching checklist for COE type: BENEFITS CLAIM
Fetching checklist for COE type: TRAVEL
Fetching checklist for COE type: TRAVEL
Fetching checklist for COE type: TRAVEL
Fetching checklist for COE type: FINANCIAL
Fetching checklist for COE type: TRAVEL
Fetching checklist for COE type: TRAVEL
Fetching checklist for COE type: TRAVEL
Fetching checklist for COE type: TRAVEL
